<?xml version="1.0" encoding="UTF-8"?>
<!-- Generated by org.testng.reporters.JUnitReportReporter -->
<testsuite hostname="LAPTOP-PTNS5S83" failures="0" tests="4" name="scripts.LoginScripts" time="29.644" errors="0" timestamp="2021-09-28T20:40:53 IST" skipped="0">
  <testcase classname="scripts.LoginScripts" name="Testcase" time="9.200"/>
  <system-out/>
  <testcase classname="scripts.LoginScripts" name="Testcase" time="7.790"/>
  <system-out/>
  <testcase classname="scripts.LoginScripts" name="Testcase" time="4.454"/>
  <system-out/>
  <testcase classname="scripts.LoginScripts" name="Testcase" time="8.200"/>
  <system-out/>
</testsuite> <!-- scripts.LoginScripts -->
