<?xml version="1.0" encoding="UTF-8"?>
<!-- Generated by org.testng.reporters.JUnitReportReporter -->
<testsuite hostname="LAPTOP-PTNS5S83" failures="0" tests="1" name="scripts.LoginScript" time="6.623" errors="0" timestamp="2021-09-27T21:17:42 IST" skipped="0">
  <testcase classname="scripts.LoginScript" name="loginvalid" time="6.623"/>
  <system-out/>
</testsuite> <!-- scripts.LoginScript -->
